17:39:08.548 [main] INFO  testCases.Main - **** Starting Test Cases ******
17:39:16.402 [main] INFO  testCases.Main - Verify the user Information
17:39:39.033 [main] INFO  testCases.Main - Get all Header and  all sub header information and capture each header information
17:41:33.073 [main] INFO  testCases.Main - Validate Ethics & Compliance is visible in Corporate Function ̶̶> Legal & Corporate affairs header
17:41:35.362 [main] INFO  testCases.Main - Test Passed
17:41:35.602 [main] INFO  testCases.Main - Navigate to Ethics & Compliance page
17:41:38.966 [main] INFO  testCases.Main - Validate Resources/Link in Ethics & Compliance page
17:41:41.157 [main] INFO  testCases.Main - Test Passed
17:41:41.351 [main] INFO  testCases.Main - Print all information of Resources/Link in Ethics & Compliance page
17:41:41.744 [main] INFO  testCases.Main - Validate Ethics & Compliance page information
17:41:41.773 [main] INFO  testCases.Main - Test Passed
17:41:41.953 [main] INFO  testCases.Main - Print Ethics & Compliance page information
17:41:43.120 [main] DEBUG org.apache.poi.openxml4j.opc.ZipPackage - Save core properties part
17:41:43.121 [main] DEBUG org.apache.poi.openxml4j.opc.ZipPackage - Save content types part
17:41:43.553 [main] DEBUG org.apache.poi.openxml4j.opc.ZipPackage - Save package relationships
17:41:43.572 [main] DEBUG org.apache.poi.openxml4j.opc.ZipPackage - Save part 'docProps/app.xml'
17:41:43.580 [main] DEBUG org.apache.poi.openxml4j.opc.ZipPackage - Save part 'docProps/core.xml'
17:41:43.588 [main] DEBUG org.apache.poi.openxml4j.opc.ZipPackage - Save part 'xl/sharedStrings.xml'
17:41:43.589 [main] DEBUG org.apache.poi.openxml4j.opc.ZipPackage - Save part 'xl/styles.xml'
17:41:43.590 [main] DEBUG org.apache.poi.openxml4j.opc.ZipPackage - Save part 'xl/workbook.xml'
17:41:43.592 [main] DEBUG org.apache.poi.openxml4j.opc.ZipPackage - Save part 'xl/worksheets/sheet1.xml'
17:41:43.597 [main] DEBUG org.apache.poi.openxml4j.opc.ZipPackage - Save content types part
17:41:43.600 [main] DEBUG org.apache.poi.openxml4j.opc.ZipPackage - Save package relationships
17:41:43.603 [main] DEBUG org.apache.poi.openxml4j.opc.ZipPackage - Save part 'docProps/app.xml'
17:41:43.603 [main] DEBUG org.apache.poi.openxml4j.opc.ZipPackage - Save part 'docProps/core.xml'
17:41:43.606 [main] DEBUG org.apache.poi.openxml4j.opc.ZipPackage - Save part 'xl/sharedStrings.xml'
17:41:43.607 [main] DEBUG org.apache.poi.openxml4j.opc.ZipPackage - Save part 'xl/styles.xml'
17:41:43.607 [main] DEBUG org.apache.poi.openxml4j.opc.ZipPackage - Save part 'xl/workbook.xml'
17:41:43.610 [main] DEBUG org.apache.poi.openxml4j.opc.ZipPackage - Save part 'xl/worksheets/sheet1.xml'
17:41:54.797 [main] INFO  testCases.Main - **** Ending Test Cases ******
